<?xml version="1.0" encoding="UTF-8"?>
<!-- Generated by org.testng.reporters.JUnitReportReporter -->
<testsuite hostname="LAPTOP-2BOEPIAK" name="DemoTest.DemoTest" tests="1" failures="0" timestamp="10 Dec 2021 07:19:12 GMT" time="0.011" errors="0">
  <testcase name="demoTest" time="0.011" classname="DemoTest.DemoTest"/>
</testsuite> <!-- DemoTest.DemoTest -->
