<?xml version="1.0" encoding="UTF-8"?>
<!-- Generated by org.testng.reporters.JUnitReportReporter -->
<testsuite hostname="LAPTOP-2BOEPIAK" name="DemoTest.PracticeTest" tests="1" failures="0" timestamp="15 Dec 2021 09:41:59 GMT" time="0.017" errors="0">
  <testcase name="practiceTest" time="0.017" classname="DemoTest.PracticeTest"/>
</testsuite> <!-- DemoTest.PracticeTest -->
