<?xml version="1.0" encoding="UTF-8"?>
<!-- Generated by org.testng.reporters.JUnitReportReporter -->
<testsuite hostname="LAPTOP-2BOEPIAK" name="DemoTest.ReadDataTest" tests="1" failures="0" timestamp="10 Dec 2021 12:07:27 GMT" time="0.016" errors="0">
  <testcase name="readTest" time="0.016" classname="DemoTest.ReadDataTest"/>
</testsuite> <!-- DemoTest.ReadDataTest -->
